<?xml version="1.0" encoding="UTF-8"?>
<testng-results ignored="20" total="21" passed="1" failed="0" skipped="0">
  <reporter-output>
  </reporter-output>
  <suite started-at="2020-11-16T16:13:08 EST" name="Default suite" finished-at="2020-11-16T16:13:13 EST" duration-ms="5089">
    <groups>
    </groups>
    <test started-at="2020-11-16T16:13:08 EST" name="Default test" finished-at="2020-11-16T16:13:13 EST" duration-ms="5089">
      <class name="theInternet.tests.TheInternet">
        <test-method is-config="true" signature="beforeTest()[pri:0, instance:theInternet.tests.TheInternet@6ac13091]" started-at="2020-11-16T16:13:08 EST" name="beforeTest" finished-at="2020-11-16T16:13:12 EST" duration-ms="3745" status="PASS">
          <reporter-output>
          </reporter-output>
        </test-method> <!-- beforeTest -->
        <test-method signature="tc22DoesContextMenuBoxWork()[pri:0, instance:theInternet.tests.TheInternet@6ac13091]" started-at="2020-11-16T16:13:12 EST" name="tc22DoesContextMenuBoxWork" finished-at="2020-11-16T16:13:13 EST" duration-ms="684" status="PASS">
          <reporter-output>
          </reporter-output>
        </test-method> <!-- tc22DoesContextMenuBoxWork -->
        <test-method is-config="true" signature="afterTest()[pri:0, instance:theInternet.tests.TheInternet@6ac13091]" started-at="2020-11-16T16:13:13 EST" name="afterTest" finished-at="2020-11-16T16:13:13 EST" duration-ms="620" status="PASS">
          <reporter-output>
          </reporter-output>
        </test-method> <!-- afterTest -->
      </class> <!-- theInternet.tests.TheInternet -->
    </test> <!-- Default test -->
  </suite> <!-- Default suite -->
</testng-results>
