<?xml version="1.0" encoding="UTF-8"?>
<testng-results ignored="29" total="30" passed="1" failed="0" skipped="0">
  <reporter-output>
  </reporter-output>
  <suite started-at="2020-11-20T02:12:23 EST" name="Default suite" finished-at="2020-11-20T02:12:27 EST" duration-ms="4570">
    <groups>
    </groups>
    <test started-at="2020-11-20T02:12:23 EST" name="Default test" finished-at="2020-11-20T02:12:27 EST" duration-ms="4570">
      <class name="theInternet.tests.TheInternet">
        <test-method is-config="true" signature="beforeTest()[pri:0, instance:theInternet.tests.TheInternet@778d1062]" started-at="2020-11-20T02:12:23 EST" name="beforeTest" finished-at="2020-11-20T02:12:26 EST" duration-ms="3413" status="PASS">
          <reporter-output>
          </reporter-output>
        </test-method> <!-- beforeTest -->
        <test-method signature="tc67CatchesExitIntent()[pri:0, instance:theInternet.tests.TheInternet@778d1062]" started-at="2020-11-20T02:12:26 EST" name="tc67CatchesExitIntent" finished-at="2020-11-20T02:12:27 EST" duration-ms="558" status="PASS">
          <reporter-output>
          </reporter-output>
        </test-method> <!-- tc67CatchesExitIntent -->
        <test-method is-config="true" signature="afterTest()[pri:0, instance:theInternet.tests.TheInternet@778d1062]" started-at="2020-11-20T02:12:27 EST" name="afterTest" finished-at="2020-11-20T02:12:27 EST" duration-ms="580" status="PASS">
          <reporter-output>
          </reporter-output>
        </test-method> <!-- afterTest -->
      </class> <!-- theInternet.tests.TheInternet -->
    </test> <!-- Default test -->
  </suite> <!-- Default suite -->
</testng-results>
