<?xml version="1.0" encoding="UTF-8"?>
<!-- Generated by org.testng.reporters.JUnitXMLReporter -->
<testsuite ignored="0" hostname="LAPTOP-SK2JEN1C" failures="0" tests="6" name="Default test" time="5.371" errors="0" timestamp="2020-11-08T12:19:41 EST">
  <testcase classname="theInternet.tests.TheInternet" name="canLaunchChromeDriver" time="0.382"/>
  <testcase classname="theInternet.tests.TheInternet" name="canNavigateToIndexPage" time="0.087"/>
  <testcase classname="theInternet.tests.TheInternet" name="tc37CanCheckCheckboxes" time="0.201"/>
  <testcase classname="theInternet.tests.TheInternet" name="tc4CanSelectDropdownListItem" time="0.253"/>
  <testcase classname="theInternet.tests.TheInternet" name="tc7CanTypeTextIntoInput" time="0.15"/>
  <testcase classname="theInternet.tests.TheInternet" name="tc9CanIncrementNumericValue" time="0.265"/>
</testsuite> <!-- Default test -->
