<?xml version="1.0" encoding="UTF-8"?>
<!-- Generated by org.testng.reporters.JUnitXMLReporter -->
<testsuite ignored="0" hostname="LAPTOP-SK2JEN1C" failures="0" tests="5" name="Default test" time="12.518" errors="0" timestamp="2020-11-07T14:31:06 EST">
  <testcase classname="com.my.testing.TheInternet" name="canLaunchChromeDriver" time="7.039"/>
  <testcase classname="com.my.testing.TheInternet" name="canNavigateToIndexPage" time="0.172"/>
  <testcase classname="com.my.testing.TheInternet" name="tc37CanCheckCheckboxes" time="0.295"/>
  <testcase classname="com.my.testing.TheInternet" name="tc4CanSelectDropdownListItem" time="0.37"/>
  <testcase classname="com.my.testing.TheInternet" name="tc7CanTypeTextIntoInput" time="0.222"/>
</testsuite> <!-- Default test -->
