<?xml version="1.0" encoding="UTF-8"?>
<!-- Generated by org.testng.reporters.JUnitXMLReporter -->
<testsuite ignored="0" hostname="LAPTOP-SK2JEN1C" failures="0" tests="5" name="Default test" time="10.726" errors="0" timestamp="2020-11-05T15:23:00 EST">
  <testcase classname="com.my.testing.TheInternet" name="canLaunchChromeDriver" time="2.929"/>
  <testcase classname="com.my.testing.TheInternet" name="canNavigateToIndexPage" time="1.673"/>
  <testcase classname="com.my.testing.TheInternet" name="tc4CanSelectDropdownListItem" time="0.381"/>
  <testcase classname="com.my.testing.TheInternet" name="tc7CanTypeTextIntoInput" time="0.502"/>
  <testcase classname="com.my.testing.TheInternet" name="tc8CanTypeTextIntoInput" time="0.207"/>
</testsuite> <!-- Default test -->
