<?xml version="1.0" encoding="UTF-8"?>
<testng-results ignored="0" total="6" passed="6" failed="0" skipped="0">
  <reporter-output>
  </reporter-output>
  <suite started-at="2020-11-08T12:47:46 EST" name="Default suite" finished-at="2020-11-08T12:47:51 EST" duration-ms="5380">
    <groups>
    </groups>
    <test started-at="2020-11-08T12:47:46 EST" name="Default test" finished-at="2020-11-08T12:47:51 EST" duration-ms="5380">
      <class name="com.my.testing.TheInternet">
        <test-method is-config="true" signature="beforeTest()[pri:0, instance:com.my.testing.TheInternet@ec756bd]" started-at="2020-11-08T12:47:46 EST" name="beforeTest" finished-at="2020-11-08T12:47:49 EST" duration-ms="3401" status="PASS">
          <reporter-output>
          </reporter-output>
        </test-method> <!-- beforeTest -->
        <test-method signature="canLaunchChromeDriver()[pri:0, instance:com.my.testing.TheInternet@ec756bd]" started-at="2020-11-08T12:47:49 EST" name="canLaunchChromeDriver" finished-at="2020-11-08T12:47:50 EST" duration-ms="387" status="PASS">
          <reporter-output>
          </reporter-output>
        </test-method> <!-- canLaunchChromeDriver -->
        <test-method signature="canNavigateToIndexPage()[pri:0, instance:com.my.testing.TheInternet@ec756bd]" started-at="2020-11-08T12:47:50 EST" name="canNavigateToIndexPage" finished-at="2020-11-08T12:47:50 EST" duration-ms="94" status="PASS">
          <reporter-output>
          </reporter-output>
        </test-method> <!-- canNavigateToIndexPage -->
        <test-method signature="tc37CanCheckCheckboxes()[pri:0, instance:com.my.testing.TheInternet@ec756bd]" started-at="2020-11-08T12:47:50 EST" name="tc37CanCheckCheckboxes" finished-at="2020-11-08T12:47:50 EST" duration-ms="205" status="PASS">
          <reporter-output>
          </reporter-output>
        </test-method> <!-- tc37CanCheckCheckboxes -->
        <test-method signature="tc4CanSelectDropdownListItem()[pri:0, instance:com.my.testing.TheInternet@ec756bd]" started-at="2020-11-08T12:47:50 EST" name="tc4CanSelectDropdownListItem" finished-at="2020-11-08T12:47:50 EST" duration-ms="237" status="PASS">
          <reporter-output>
          </reporter-output>
        </test-method> <!-- tc4CanSelectDropdownListItem -->
        <test-method signature="tc7CanTypeTextIntoInput()[pri:0, instance:com.my.testing.TheInternet@ec756bd]" started-at="2020-11-08T12:47:50 EST" name="tc7CanTypeTextIntoInput" finished-at="2020-11-08T12:47:50 EST" duration-ms="173" status="PASS">
          <reporter-output>
          </reporter-output>
        </test-method> <!-- tc7CanTypeTextIntoInput -->
        <test-method signature="tc9CanIncrementNumericValue()[pri:0, instance:com.my.testing.TheInternet@ec756bd]" started-at="2020-11-08T12:47:50 EST" name="tc9CanIncrementNumericValue" finished-at="2020-11-08T12:47:51 EST" duration-ms="259" status="PASS">
          <reporter-output>
          </reporter-output>
        </test-method> <!-- tc9CanIncrementNumericValue -->
        <test-method is-config="true" signature="afterTest()[pri:0, instance:com.my.testing.TheInternet@ec756bd]" started-at="2020-11-08T12:47:51 EST" name="afterTest" finished-at="2020-11-08T12:47:51 EST" duration-ms="599" status="PASS">
          <reporter-output>
          </reporter-output>
        </test-method> <!-- afterTest -->
      </class> <!-- com.my.testing.TheInternet -->
    </test> <!-- Default test -->
  </suite> <!-- Default suite -->
</testng-results>
