<?xml version="1.0" encoding="UTF-8"?>
<testng-results ignored="0" total="5" passed="5" failed="0" skipped="0">
  <reporter-output>
  </reporter-output>
  <suite started-at="2020-11-05T15:22:49 EST" name="Default suite" finished-at="2020-11-05T15:23:00 EST" duration-ms="10726">
    <groups>
    </groups>
    <test started-at="2020-11-05T15:22:49 EST" name="Default test" finished-at="2020-11-05T15:23:00 EST" duration-ms="10726">
      <class name="com.my.testing.TheInternet">
        <test-method is-config="true" signature="beforeTest()[pri:0, instance:com.my.testing.TheInternet@ec756bd]" started-at="2020-11-05T15:22:49 EST" name="beforeTest" finished-at="2020-11-05T15:22:54 EST" duration-ms="4356" status="PASS">
          <reporter-output>
          </reporter-output>
        </test-method> <!-- beforeTest -->
        <test-method signature="canLaunchChromeDriver()[pri:0, instance:com.my.testing.TheInternet@ec756bd]" started-at="2020-11-05T15:22:54 EST" name="canLaunchChromeDriver" finished-at="2020-11-05T15:22:57 EST" duration-ms="2929" status="PASS">
          <reporter-output>
          </reporter-output>
        </test-method> <!-- canLaunchChromeDriver -->
        <test-method signature="canNavigateToIndexPage()[pri:0, instance:com.my.testing.TheInternet@ec756bd]" started-at="2020-11-05T15:22:57 EST" name="canNavigateToIndexPage" finished-at="2020-11-05T15:22:58 EST" duration-ms="1673" status="PASS">
          <reporter-output>
          </reporter-output>
        </test-method> <!-- canNavigateToIndexPage -->
        <test-method signature="tc4CanSelectDropdownListItem()[pri:0, instance:com.my.testing.TheInternet@ec756bd]" started-at="2020-11-05T15:22:58 EST" name="tc4CanSelectDropdownListItem" finished-at="2020-11-05T15:22:59 EST" duration-ms="381" status="PASS">
          <reporter-output>
          </reporter-output>
        </test-method> <!-- tc4CanSelectDropdownListItem -->
        <test-method signature="tc7CanTypeTextIntoInput()[pri:0, instance:com.my.testing.TheInternet@ec756bd]" started-at="2020-11-05T15:22:59 EST" name="tc7CanTypeTextIntoInput" finished-at="2020-11-05T15:22:59 EST" duration-ms="502" status="PASS">
          <reporter-output>
          </reporter-output>
        </test-method> <!-- tc7CanTypeTextIntoInput -->
        <test-method signature="tc8CanTypeTextIntoInput()[pri:0, instance:com.my.testing.TheInternet@ec756bd]" started-at="2020-11-05T15:22:59 EST" name="tc8CanTypeTextIntoInput" finished-at="2020-11-05T15:22:59 EST" duration-ms="207" status="PASS">
          <reporter-output>
          </reporter-output>
        </test-method> <!-- tc8CanTypeTextIntoInput -->
        <test-method is-config="true" signature="afterTest()[pri:0, instance:com.my.testing.TheInternet@ec756bd]" started-at="2020-11-05T15:22:59 EST" name="afterTest" finished-at="2020-11-05T15:23:00 EST" duration-ms="636" status="PASS">
          <reporter-output>
          </reporter-output>
        </test-method> <!-- afterTest -->
      </class> <!-- com.my.testing.TheInternet -->
    </test> <!-- Default test -->
  </suite> <!-- Default suite -->
</testng-results>
